{
  "stats": {
    "suites": 1,
    "tests": 1,
    "passes": 0,
    "pending": 0,
    "failures": 1,
    "start": "2025-08-02T14:39:38.013Z",
    "end": "2025-08-02T14:39:39.619Z",
    "duration": 1606,
    "testsRegistered": 1,
    "passPercent": 0,
    "pendingPercent": 0,
    "other": 0,
    "hasOther": false,
    "skipped": 0,
    "hasSkipped": false
  },
  "results": [
    {
      "uuid": "96dbb805-f42b-4c93-b8b5-4fcbcc99d8f8",
      "title": "",
      "fullFile": "cypress/e2e/login.spec.js",
      "file": "cypress/e2e/login.spec.js",
      "beforeHooks": [],
      "afterHooks": [],
      "tests": [],
      "suites": [
        {
          "uuid": "be7d1dfb-ac90-4b82-b6e8-8ef8f01e5b6d",
          "title": "Login Module Tests",
          "fullFile": "",
          "file": "",
          "beforeHooks": [],
          "afterHooks": [],
          "tests": [
            {
              "title": "Login attempt with username: Admin",
              "fullTitle": "Login Module Tests Login attempt with username: Admin",
              "timedOut": null,
              "duration": 154,
              "state": "failed",
              "speed": null,
              "pass": false,
              "fail": true,
              "pending": false,
              "context": "{\n  \"title\": \"cypress-mochawesome-reporter-screenshots\",\n  \"value\": [\n    [\n      \"/login.spec.js/Login Module Tests -- Login attempt with username Admin (failed).png\",\n      \"/login.spec.js/failed-Login_attempt_with_username_Admin.png\"\n    ],\n    [\n      \"/login.spec.js/Login Module Tests -- Login attempt with username Admin (failed) (attempt 2).png\",\n      \"/login.spec.js/failed-Login_attempt_with_username_Admin (attempt 2).png\"\n    ],\n    [\n      \"/login.spec.js/Login Module Tests -- Login attempt with username Admin -- before each hook (failed) (attempt 3).png\",\n      \"/login.spec.js/failed-Login_attempt_with_username_Admin (attempt 3).png\"\n    ]\n  ]\n}",
              "code": "_loginPage.default.login(data.username, data.password);\nif (data.valid) {\n  cy.url().should('include', '/dashboard');\n} else {\n  cy.contains('Invalid credentials').should('be.visible');\n}",
              "err": {
                "message": "TypeError: _loginPage.default.visit is not a function\n\nBecause this error occurred during a `before each` hook we are skipping the remaining tests in the current suite: `Login Module Tests`",
                "estack": "TypeError: _loginPage.default.visit is not a function\n\nBecause this error occurred during a `before each` hook we are skipping the remaining tests in the current suite: `Login Module Tests`\n    at Context.eval (webpack://project2/./cypress/e2e/login.spec.js:11:14)\n    at runnable.fn (https://opensource-demo.orangehrmlive.com/__cypress/runner/cypress_runner.js:141799:19)\n    at callFn (https://opensource-demo.orangehrmlive.com/__cypress/runner/cypress_runner.js:160877:21)\n    at Runnable.run (https://opensource-demo.orangehrmlive.com/__cypress/runner/cypress_runner.js:160864:7)\n    at <unknown> (https://opensource-demo.orangehrmlive.com/__cypress/runner/cypress_runner.js:166957:30)\n    at PassThroughHandlerContext.finallyHandler (https://opensource-demo.orangehrmlive.com/__cypress/runner/cypress_runner.js:4042:23)\n    at PassThroughHandlerContext.tryCatcher (https://opensource-demo.orangehrmlive.com/__cypress/runner/cypress_runner.js:1777:23)\n    at Promise._settlePromiseFromHandler (https://opensource-demo.orangehrmlive.com/__cypress/runner/cypress_runner.js:1489:31)\n    at Promise._settlePromise (https://opensource-demo.orangehrmlive.com/__cypress/runner/cypress_runner.js:1546:18)",
                "diff": null
              },
              "uuid": "f7613a07-259d-40f6-9e08-a72c8417a4bc",
              "parentUUID": "be7d1dfb-ac90-4b82-b6e8-8ef8f01e5b6d",
              "isHook": false,
              "skipped": false
            }
          ],
          "suites": [],
          "passes": [],
          "failures": [
            "f7613a07-259d-40f6-9e08-a72c8417a4bc"
          ],
          "pending": [],
          "skipped": [],
          "duration": 154,
          "root": false,
          "rootEmpty": false,
          "_timeout": 2000
        }
      ],
      "passes": [],
      "failures": [],
      "pending": [],
      "skipped": [],
      "duration": 0,
      "root": true,
      "rootEmpty": true,
      "_timeout": 2000
    }
  ],
  "meta": {
    "mocha": {
      "version": "7.2.0"
    },
    "mochawesome": {
      "options": {
        "quiet": false,
        "reportFilename": "mochawesome",
        "saveHtml": false,
        "saveJson": true,
        "consoleReporter": "spec",
        "useInlineDiffs": false,
        "code": true
      },
      "version": "7.1.3"
    },
    "marge": {
      "options": {
        "reportDir": "cypress/reports/.jsons",
        "overwrite": false,
        "html": false,
        "json": true,
        "timestamp": "mmddyyyy_HHMMss"
      },
      "version": "6.2.0"
    }
  }
}