{
  "stats": {
    "suites": 1,
    "tests": 1,
    "passes": 0,
    "pending": 0,
    "failures": 1,
    "start": "2025-08-02T14:39:34.880Z",
    "end": "2025-08-02T14:39:37.164Z",
    "duration": 2284,
    "testsRegistered": 1,
    "passPercent": 0,
    "pendingPercent": 0,
    "other": 0,
    "hasOther": false,
    "skipped": 0,
    "hasSkipped": false
  },
  "results": [
    {
      "uuid": "48e5a225-71ac-4280-af84-21ec39491fc9",
      "title": "",
      "fullFile": "cypress/e2e/candidates.spec.js",
      "file": "cypress/e2e/candidates.spec.js",
      "beforeHooks": [],
      "afterHooks": [],
      "tests": [],
      "suites": [
        {
          "uuid": "ea50ba6d-3770-4758-857d-ea15c0b925bd",
          "title": "Recruitment Module - Candidates",
          "fullFile": "",
          "file": "",
          "beforeHooks": [],
          "afterHooks": [],
          "tests": [
            {
              "title": "Add candidate: John Doe",
              "fullTitle": "Recruitment Module - Candidates Add candidate: John Doe",
              "timedOut": null,
              "duration": 128,
              "state": "failed",
              "speed": null,
              "pass": false,
              "fail": true,
              "pending": false,
              "context": "{\n  \"title\": \"cypress-mochawesome-reporter-screenshots\",\n  \"value\": [\n    [\n      \"/candidates.spec.js/Recruitment Module - Candidates -- Add candidate John Doe (failed).png\",\n      \"/candidates.spec.js/failed-candidate-Add candidate John Doe.png\"\n    ],\n    [\n      \"/candidates.spec.js/Recruitment Module - Candidates -- Add candidate John Doe (failed) (attempt 2).png\",\n      \"/candidates.spec.js/failed-candidate-Add candidate John Doe (attempt 2).png\"\n    ],\n    [\n      \"/candidates.spec.js/Recruitment Module - Candidates -- Add candidate John Doe -- before each hook (failed) (attempt 3).png\",\n      \"/candidates.spec.js/failed-candidate-Add candidate John Doe (attempt 3).png\"\n    ]\n  ]\n}",
              "code": "_candidatePage.default.addCandidate(candidate);\nif (candidate.valid) {\n  cy.contains('Successfully Saved').should('be.visible');\n} else {\n  cy.contains('Required').should('be.visible');\n}",
              "err": {
                "message": "TypeError: _candidatePage.default.visit is not a function\n\nBecause this error occurred during a `before each` hook we are skipping the remaining tests in the current suite: `Recruitment Module - Candid...`",
                "estack": "TypeError: _candidatePage.default.visit is not a function\n\nBecause this error occurred during a `before each` hook we are skipping the remaining tests in the current suite: `Recruitment Module - Candid...`\n    at Context.eval (webpack://project2/./cypress/e2e/candidates.spec.js:12:18)\n    at runnable.fn (https://opensource-demo.orangehrmlive.com/__cypress/runner/cypress_runner.js:141799:19)\n    at callFn (https://opensource-demo.orangehrmlive.com/__cypress/runner/cypress_runner.js:160877:21)\n    at Runnable.run (https://opensource-demo.orangehrmlive.com/__cypress/runner/cypress_runner.js:160864:7)\n    at <unknown> (https://opensource-demo.orangehrmlive.com/__cypress/runner/cypress_runner.js:166957:30)\n    at PassThroughHandlerContext.finallyHandler (https://opensource-demo.orangehrmlive.com/__cypress/runner/cypress_runner.js:4042:23)\n    at PassThroughHandlerContext.tryCatcher (https://opensource-demo.orangehrmlive.com/__cypress/runner/cypress_runner.js:1777:23)\n    at Promise._settlePromiseFromHandler (https://opensource-demo.orangehrmlive.com/__cypress/runner/cypress_runner.js:1489:31)\n    at Promise._settlePromise (https://opensource-demo.orangehrmlive.com/__cypress/runner/cypress_runner.js:1546:18)",
                "diff": null
              },
              "uuid": "f5bcde2a-6c4b-4f68-b172-d5ce7e96b1e8",
              "parentUUID": "ea50ba6d-3770-4758-857d-ea15c0b925bd",
              "isHook": false,
              "skipped": false
            }
          ],
          "suites": [],
          "passes": [],
          "failures": [
            "f5bcde2a-6c4b-4f68-b172-d5ce7e96b1e8"
          ],
          "pending": [],
          "skipped": [],
          "duration": 128,
          "root": false,
          "rootEmpty": false,
          "_timeout": 2000
        }
      ],
      "passes": [],
      "failures": [],
      "pending": [],
      "skipped": [],
      "duration": 0,
      "root": true,
      "rootEmpty": true,
      "_timeout": 2000
    }
  ],
  "meta": {
    "mocha": {
      "version": "7.2.0"
    },
    "mochawesome": {
      "options": {
        "quiet": false,
        "reportFilename": "mochawesome",
        "saveHtml": false,
        "saveJson": true,
        "consoleReporter": "spec",
        "useInlineDiffs": false,
        "code": true
      },
      "version": "7.1.3"
    },
    "marge": {
      "options": {
        "reportDir": "cypress/reports/.jsons",
        "overwrite": false,
        "html": false,
        "json": true,
        "timestamp": "mmddyyyy_HHMMss"
      },
      "version": "6.2.0"
    }
  }
}