{
  "stats": {
    "suites": 1,
    "tests": 1,
    "passes": 0,
    "pending": 0,
    "failures": 1,
    "start": "2025-08-02T14:39:42.276Z",
    "end": "2025-08-02T14:39:43.932Z",
    "duration": 1656,
    "testsRegistered": 1,
    "passPercent": 0,
    "pendingPercent": 0,
    "other": 0,
    "hasOther": false,
    "skipped": 0,
    "hasSkipped": false
  },
  "results": [
    {
      "uuid": "03944b5f-6f0c-4080-88f1-6c072ca71cd3",
      "title": "",
      "fullFile": "cypress/e2e/vacancies.spec.js",
      "file": "cypress/e2e/vacancies.spec.js",
      "beforeHooks": [],
      "afterHooks": [],
      "tests": [],
      "suites": [
        {
          "uuid": "ab22a416-8a10-48c8-bc12-3c2e82e7bcc6",
          "title": "Recruitment Module - Vacancies",
          "fullFile": "",
          "file": "",
          "beforeHooks": [],
          "afterHooks": [],
          "tests": [
            {
              "title": "Add vacancy: Software Engineer - Front-End Developer",
              "fullTitle": "Recruitment Module - Vacancies Add vacancy: Software Engineer - Front-End Developer",
              "timedOut": null,
              "duration": 152,
              "state": "failed",
              "speed": null,
              "pass": false,
              "fail": true,
              "pending": false,
              "context": "{\n  \"title\": \"cypress-mochawesome-reporter-screenshots\",\n  \"value\": [\n    [\n      \"/vacancies.spec.js/Recruitment Module - Vacancies -- Add vacancy Software Engineer - Front-End Developer (failed).png\",\n      \"/vacancies.spec.js/failed-vacancy-Add vacancy Software Engineer - Front-End Developer.png\"\n    ],\n    [\n      \"/vacancies.spec.js/Recruitment Module - Vacancies -- Add vacancy Software Engineer - Front-End Developer (failed) (attempt 2).png\",\n      \"/vacancies.spec.js/failed-vacancy-Add vacancy Software Engineer - Front-End Developer (attempt 2).png\"\n    ],\n    [\n      \"/vacancies.spec.js/Recruitment Module - Vacancies -- Add vacancy Software Engineer - Front-End Developer -- before each hook (failed) (attempt 3).png\",\n      \"/vacancies.spec.js/failed-vacancy-Add vacancy Software Engineer - Front-End Developer (attempt 3).png\"\n    ]\n  ]\n}",
              "code": "_vacancyPage.default.addVacancy(vacancy);\nif (vacancy.valid) {\n  cy.contains('Successfully Saved').should('be.visible');\n} else {\n  cy.contains('Required').should('be.visible');\n}",
              "err": {
                "message": "TypeError: _vacancyPage.default.visit is not a function\n\nBecause this error occurred during a `before each` hook we are skipping the remaining tests in the current suite: `Recruitment Module - Vacancies`",
                "estack": "TypeError: _vacancyPage.default.visit is not a function\n\nBecause this error occurred during a `before each` hook we are skipping the remaining tests in the current suite: `Recruitment Module - Vacancies`\n    at Context.eval (webpack://project2/./cypress/e2e/vacancies.spec.js:13:18)\n    at runnable.fn (https://opensource-demo.orangehrmlive.com/__cypress/runner/cypress_runner.js:141799:19)\n    at callFn (https://opensource-demo.orangehrmlive.com/__cypress/runner/cypress_runner.js:160877:21)\n    at Runnable.run (https://opensource-demo.orangehrmlive.com/__cypress/runner/cypress_runner.js:160864:7)\n    at <unknown> (https://opensource-demo.orangehrmlive.com/__cypress/runner/cypress_runner.js:166957:30)\n    at PassThroughHandlerContext.finallyHandler (https://opensource-demo.orangehrmlive.com/__cypress/runner/cypress_runner.js:4042:23)\n    at PassThroughHandlerContext.tryCatcher (https://opensource-demo.orangehrmlive.com/__cypress/runner/cypress_runner.js:1777:23)\n    at Promise._settlePromiseFromHandler (https://opensource-demo.orangehrmlive.com/__cypress/runner/cypress_runner.js:1489:31)\n    at Promise._settlePromise (https://opensource-demo.orangehrmlive.com/__cypress/runner/cypress_runner.js:1546:18)",
                "diff": null
              },
              "uuid": "170af6ee-84b4-42b1-9607-7117acce865c",
              "parentUUID": "ab22a416-8a10-48c8-bc12-3c2e82e7bcc6",
              "isHook": false,
              "skipped": false
            }
          ],
          "suites": [],
          "passes": [],
          "failures": [
            "170af6ee-84b4-42b1-9607-7117acce865c"
          ],
          "pending": [],
          "skipped": [],
          "duration": 152,
          "root": false,
          "rootEmpty": false,
          "_timeout": 2000
        }
      ],
      "passes": [],
      "failures": [],
      "pending": [],
      "skipped": [],
      "duration": 0,
      "root": true,
      "rootEmpty": true,
      "_timeout": 2000
    }
  ],
  "meta": {
    "mocha": {
      "version": "7.2.0"
    },
    "mochawesome": {
      "options": {
        "quiet": false,
        "reportFilename": "mochawesome",
        "saveHtml": false,
        "saveJson": true,
        "consoleReporter": "spec",
        "useInlineDiffs": false,
        "code": true
      },
      "version": "7.1.3"
    },
    "marge": {
      "options": {
        "reportDir": "cypress/reports/.jsons",
        "overwrite": false,
        "html": false,
        "json": true,
        "timestamp": "mmddyyyy_HHMMss"
      },
      "version": "6.2.0"
    }
  }
}